make all --print-data-base --no-builtin-variables --no-builtin-rules --question
# GNU Make 3.81
# Copyright (C) 2006  Free Software Foundation, Inc.
# This is free software; see the source for copying conditions.
# There is NO warranty; not even for MERCHANTABILITY or FITNESS FOR A
# PARTICULAR PURPOSE.

# This program built for i386-apple-darwin11.3.0
 

# Make data base, printed on Fri Aug 26 14:04:54 2022

# Variables

# environment
JENV_SHELL = zsh
# automatic
?F = $(notdir $?)
# automatic
<D = $(patsubst %/,%,$(dir $<))
# environment
VSCODE_LOG_NATIVE = false
# automatic
?D = $(patsubst %/,%,$(dir $?))
# automatic
@D = $(patsubst %/,%,$(dir $@))
# automatic
@F = $(notdir $@)
# makefile
CURDIR := /Users/quipperindonesia/Desktop/Learning/golang/notesnotes-api
# makefile
SHELL = /bin/sh
# environment
VSCODE_NLS_CONFIG = {"locale":"en-us","availableLanguages":{},"_languagePackSupport":true}
# environment
_ = /usr/bin/make
# makefile (from `Makefile', line 1)
MAKEFILE_LIST :=  Makefile
# environment
VSCODE_AMD_ENTRYPOINT = vs/workbench/api/node/extensionHostProcess
# environment
VSCODE_VERBOSE_LOGGING = true
# environment
__CFBundleIdentifier = com.microsoft.VSCode
# environment
VSCODE_IPC_HOOK_EXTHOST = /var/folders/3c/7t56_rfs04302dgg6t03qs9h0000gn/T/vscode-ipc-ed46b9b8-7ad6-48e4-9306-7ebaac2da405.sock
# environment
VSCODE_CWD = /
# environment
GOPROXY = https://proxy.golang.org,direct
# environment
PATH = /Users/quipperindonesia/opt/anaconda3/bin:/Users/quipperindonesia/opt/anaconda3/condabin:/Users/quipperindonesia/.jenv/shims:/Users/quipperindonesia/.jenv/bin:/Library/Frameworks/Python.framework/Versions/3.9/bin:/usr/local/bin:/usr/bin:/bin:/usr/sbin:/sbin:/Library/Apple/usr/bin:/Users/quipperindonesia/Desktop/Learning/flutter/flutter/bin:/Users/quipperindonesia/go/bin
# environment
LSCOLORS = Gxfxcxdxbxegedabagacad
# environment
GOPATH = /Users/quipperindonesia/go
# environment
VSCODE_LOG_STACK = false
# environment
ELECTRON_RUN_AS_NODE = 1
# default
.FEATURES := target-specific order-only second-expansion else-if archives jobserver check-symlink
# environment
SSH_AUTH_SOCK = /private/tmp/com.apple.launchd.bB9P426pxZ/Listeners
# automatic
%F = $(notdir $%)
# environment
CONDA_EXE = /Users/quipperindonesia/opt/anaconda3/bin/conda
# environment
VSCODE_PIPE_LOGGING = true
# environment
PWD = /Users/quipperindonesia/Desktop/Learning/golang/notesnotes-api
# environment
ORIGINAL_XDG_CURRENT_DESKTOP = undefined
# environment
GOMODCACHE = /Users/quipperindonesia/go/pkg/mod
# environment
HOME = /Users/quipperindonesia
# default
MAKEFILEPATH := /Applications/Xcode.app/Contents/Developer/Makefiles
# environment
GIT_PR_RELEASE_TOKEN = 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
# environment
VSCODE_CODE_CACHE_PATH = /Users/quipperindonesia/Library/Application Support/Code/CachedData/c3511e6c69bb39013c4a4b7b9566ec1ca73fc4d5
# environment
LOGNAME = quipperindonesia
# environment
APPLICATION_INSIGHTS_NO_DIAGNOSTIC_CHANNEL = 1
# environment
CONDA_PROMPT_MODIFIER = (base) 
# environment
ZSH = /Users/quipperindonesia/.oh-my-zsh
# environment
VSCODE_HANDLES_UNCAUGHT_ERRORS = true
# automatic
^D = $(patsubst %/,%,$(dir $^))
# environment
CONDA_DEFAULT_ENV = base
# environment
XPC_FLAGS = 0x0
# default
MAKE = $(MAKE_COMMAND)
# default
MAKECMDGOALS := all
# environment
SHLVL = 1
# default
MAKE_VERSION := 3.81
# environment
USER = quipperindonesia
# makefile
.DEFAULT_GOAL := postgres
# environment
JENV_LOADED = 1
# environment
LESS = -R
# automatic
%D = $(patsubst %/,%,$(dir $%))
# environment
CONDA_SHLVL = 1
# default
MAKE_COMMAND := /Applications/Xcode.app/Contents/Developer/usr/bin/make
# default
.VARIABLES := 
# environment
TMPDIR = /var/folders/3c/7t56_rfs04302dgg6t03qs9h0000gn/T/
# automatic
*F = $(notdir $*)
# environment
VSCODE_IPC_HOOK = /Users/quipperindonesia/Library/Application Support/Code/1.67.2-main.sock
# makefile
MAKEFLAGS = Rrqp
# environment
MFLAGS = -Rrqp
# automatic
*D = $(patsubst %/,%,$(dir $*))
# environment
XPC_SERVICE_NAME = application.com.microsoft.VSCode.51096888.51096894
# automatic
+D = $(patsubst %/,%,$(dir $+))
# automatic
+F = $(notdir $+)
# environment
__CF_USER_TEXT_ENCODING = 0x1F5:0x0:0x0
# environment
COMMAND_MODE = unix2003
# default
MAKEFILES := 
# automatic
<F = $(notdir $<)
# environment
PAGER = less
# environment
LC_ALL = C
# environment
CONDA_PYTHON_EXE = /Users/quipperindonesia/opt/anaconda3/bin/python
# automatic
^F = $(notdir $^)
# default
SUFFIXES := 
# environment
_CE_M = 
# default
.INCLUDE_DIRS = /usr/local/include
# environment
MAKELEVEL := 0
# environment
CONDA_PREFIX = /Users/quipperindonesia/opt/anaconda3
# environment
VSCODE_PID = 63339
# environment
_CE_CONDA = 
# environment
LANG = C
# variable set hash-table stats:
# Load=80/1024=8%, Rehash=0, Collisions=4/104=4%

# Pattern-specific Variable Values

# No pattern-specific variable values.

# Directories

# . (device 16777221, inode 51074997): 22 files, no impossibilities.

# 22 files, no impossibilities in 1 directories.

# Implicit Rules

# No implicit rules.

# Files

postgres:
#  Phony target (prerequisite of .PHONY).
#  Implicit rule search has not been done.
#  File does not exist.
#  File has not been updated.
#  commands to execute (from `Makefile', line 2):
	docker run --name postgres --network notesnotes-network -p 5432:5432  -e POSTGRES_USER=root -e POSTGRES_PASSWORD=quipper123 -d postgres
	

# Not a target:
all:
#  Command-line target.
#  Implicit rule search has been done.
#  File does not exist.
#  File has not been updated.
# variable set hash-table stats:
# Load=0/32=0%, Rehash=0, Collisions=0/0=0%

createdockerimage:
#  Phony target (prerequisite of .PHONY).
#  Implicit rule search has not been done.
#  File does not exist.
#  File has not been updated.
#  commands to execute (from `Makefile', line 32):
	docker build -t notesnotes-api:latest .
	

.PHONY: postgres createdb dropdb createnewmigration migrateup migratedown sqlc unit_test_run startserver generatemock createdockerimage rundockerimagedebug rundockerimagerelease removedockercontainer
#  Implicit rule search has not been done.
#  Modification time never checked.
#  File has not been updated.

sqlc:
#  Phony target (prerequisite of .PHONY).
#  Implicit rule search has not been done.
#  File does not exist.
#  File has not been updated.
#  commands to execute (from `Makefile', line 20):
	sqlc generate
	

createnewmigration:
#  Phony target (prerequisite of .PHONY).
#  Implicit rule search has not been done.
#  File does not exist.
#  File has not been updated.
#  commands to execute (from `Makefile', line 11):
	migrate create -ext sql -dir db/migration -seq $(ARGS)
	

# Not a target:
.SUFFIXES:
#  Implicit rule search has not been done.
#  Modification time never checked.
#  File has not been updated.

# Not a target:
Makefile:
#  Implicit rule search has been done.
#  Last modified 2022-07-01 10:49:39
#  File has been updated.
#  Successfully updated.
# variable set hash-table stats:
# Load=0/32=0%, Rehash=0, Collisions=0/0=0%

rundockerimagedebug:
#  Phony target (prerequisite of .PHONY).
#  Implicit rule search has not been done.
#  File does not exist.
#  File has not been updated.
#  commands to execute (from `Makefile', line 35):
	docker run --name notesnotes-api -p 8080:8080 notesnotes-api:latest
	

createdb:
#  Phony target (prerequisite of .PHONY).
#  Implicit rule search has not been done.
#  File does not exist.
#  File has not been updated.
#  commands to execute (from `Makefile', line 5):
	docker exec -it postgres createdb --username=root --owner=root notesnotes
	

unit_test_run:
#  Phony target (prerequisite of .PHONY).
#  Implicit rule search has not been done.
#  File does not exist.
#  File has not been updated.
#  commands to execute (from `Makefile', line 23):
	go test -v -coverpkg=./... -coverprofile=coverage.out ./...
	

generatemock:
#  Phony target (prerequisite of .PHONY).
#  Implicit rule search has not been done.
#  File does not exist.
#  File has not been updated.
#  commands to execute (from `Makefile', line 29):
	mockgen -package mockdb -destination db/mock/store.go andre/notesnotes-api/db/sqlc Store
	

startserver:
#  Phony target (prerequisite of .PHONY).
#  Implicit rule search has not been done.
#  File does not exist.
#  File has not been updated.
#  commands to execute (from `Makefile', line 26):
	go run main.go
	

rundockerimagerelease:
#  Phony target (prerequisite of .PHONY).
#  Implicit rule search has not been done.
#  File does not exist.
#  File has not been updated.
 
make: *** No rule to make target `all'.  Stop.

#  commands to execute (from `Makefile', line 38):
	docker run --name notesnotes-api --network notesnotes-network -p 8080:8080 -e GIN_MODE=release notesnotes-api:latest
	

# Not a target:
.DEFAULT:
#  Implicit rule search has not been done.
#  Modification time never checked.
#  File has not been updated.

removedockercontainer:
#  Phony target (prerequisite of .PHONY).
#  Implicit rule search has not been done.
#  File does not exist.
#  File has not been updated.
#  commands to execute (from `Makefile', line 41):
	docker rm notesnotes-api
	

dropdb:
#  Phony target (prerequisite of .PHONY).
#  Implicit rule search has not been done.
#  File does not exist.
#  File has not been updated.
#  commands to execute (from `Makefile', line 8):
	docker exec -it postgres dropdb notesnotes
	

migrateup:
#  Phony target (prerequisite of .PHONY).
#  Implicit rule search has not been done.
#  File does not exist.
#  File has not been updated.
#  commands to execute (from `Makefile', line 14):
	migrate -path db/migration -database "postgresql://root:quipper123@localhost:5432/notesnotes?sslmode=disable" -verbose up
	

migratedown:
#  Phony target (prerequisite of .PHONY).
#  Implicit rule search has not been done.
#  File does not exist.
#  File has not been updated.
#  commands to execute (from `Makefile', line 17):
	migrate -path db/migration -database "postgresql://root:quipper123@localhost:5432/notesnotes?sslmode=disable" -verbose down
	

# files hash-table stats:
# Load=19/1024=2%, Rehash=0, Collisions=0/45=0%
# VPATH Search Paths

# No `vpath' search paths.

# No general (`VPATH' variable) search path.

# # of strings in strcache: 1
# # of strcache buffers: 1
# strcache size: total = 4096 / max = 4096 / min = 4096 / avg = 4096
# strcache free: total = 4087 / max = 4087 / min = 4087 / avg = 4087

# Finished Make data base on Fri Aug 26 14:04:54 2022

 
